<?xml version="1.0" encoding="UTF-8"?>
<!-- Generated by org.testng.reporters.JUnitReportReporter -->
<testsuite skipped="0" hostname="Ripunjaya-PC" name="com.mediamath.mediamathtesting.MediaMathTest" tests="2" failures="0" timestamp="04 Jun 2017 22:17:33 GMT" time="20.819" errors="0">
  <testcase name="testMediaMathNavigation" time="9.373" classname="com.mediamath.mediamathtesting.MediaMathTest"/>
  <testcase name="testDevBlog" time="11.446" classname="com.mediamath.mediamathtesting.MediaMathTest"/>
</testsuite> <!-- com.mediamath.mediamathtesting.MediaMathTest -->
